# JRE version: Java(TM) SE Runtime Environment (21.0.1+12) (build 21.0.1+12-LTS-29)
# Java VM: Java HotSpot(TM) 64-Bit Server VM (21.0.1+12-LTS-29, mixed mode, emulated-client, sharing, tiered, compressed oops, compressed class ptrs, g1 gc, windows-amd64)
GC Precious Log:
 CardTable entry size: 512
 Card Set container configuration: InlinePtr #cards 5 size 8 Array Of Cards #cards 12 size 40 Howl #buckets 4 coarsen threshold 1843 Howl Bitmap #cards 512 size 80 coarsen threshold 460 Card regions per heap region 1 cards per card region 2048
 CPUs: 8 total, 8 available
 Memory: 8029M
 Large Page Support: Disabled
 NUMA Support: Disabled
 Compressed Oops: Enabled (32-bit)
 Heap Region Size: 1M
 Heap Min Capacity: 8M
 Heap Initial Capacity: 126M
 Heap Max Capacity: 2008M
 Pre-touch: Disabled
 Parallel Workers: 8
 Concurrent Workers: 2
 Concurrent Refinement Workers: 8
 Periodic GC: Disabled
Heap:
 garbage-first heap   total 60416K, used 37950K [0x0000000082800000, 0x0000000100000000)
  region size 1024K, 8 young (8192K), 3 survivors (3072K)
 Metaspace       used 72192K, committed 72768K, reserved 1114112K
  class space    used 10360K, committed 10624K, reserved 1048576K
GC Heap History (20 events):
Event: 7.250 GC heap before
{Heap before GC invocations=5 (full 0):
 garbage-first heap   total 58368K, used 44626K [0x0000000082800000, 0x0000000100000000)
  region size 1024K, 29 young (29696K), 3 survivors (3072K)
 Metaspace       used 30006K, committed 30592K, reserved 1114112K
  class space    used 4221K, committed 4480K, reserved 1048576K
}
Event: 7.265 GC heap after
{Heap after GC invocations=6 (full 0):
 garbage-first heap   total 58368K, used 20784K [0x0000000082800000, 0x0000000100000000)
  region size 1024K, 3 young (3072K), 3 survivors (3072K)
 Metaspace       used 30006K, committed 30592K, reserved 1114112K
  class space    used 4221K, committed 4480K, reserved 1048576K
}
Event: 13.170 GC heap before
{Heap before GC invocations=6 (full 0):
 garbage-first heap   total 58368K, used 42288K [0x0000000082800000, 0x0000000100000000)
  region size 1024K, 26 young (26624K), 3 survivors (3072K)
 Metaspace       used 35432K, committed 35968K, reserved 1114112K
  class space    used 4990K, committed 5248K, reserved 1048576K
}
Event: 13.179 GC heap after
{Heap after GC invocations=7 (full 0):
 garbage-first heap   total 58368K, used 22530K [0x0000000082800000, 0x0000000100000000)
  region size 1024K, 2 young (2048K), 2 survivors (2048K)
 Metaspace       used 35432K, committed 35968K, reserved 1114112K
  class space    used 4990K, committed 5248K, reserved 1048576K
}
Event: 14.228 GC heap before
{Heap before GC invocations=8 (full 0):
 garbage-first heap   total 58368K, used 47106K [0x0000000082800000, 0x0000000100000000)
  region size 1024K, 27 young (27648K), 2 survivors (2048K)
 Metaspace       used 40383K, committed 41024K, reserved 1114112K
  class space    used 5963K, committed 6272K, reserved 1048576K
}
Event: 14.233 GC heap after
{Heap after GC invocations=9 (full 0):
 garbage-first heap   total 58368K, used 24315K [0x0000000082800000, 0x0000000100000000)
  region size 1024K, 4 young (4096K), 4 survivors (4096K)
 Metaspace       used 40383K, committed 41024K, reserved 1114112K
  class space    used 5963K, committed 6272K, reserved 1048576K
}
Event: 29.589 GC heap before
{Heap before GC invocations=9 (full 0):
 garbage-first heap   total 58368K, used 48891K [0x0000000082800000, 0x0000000100000000)
  region size 1024K, 28 young (28672K), 4 survivors (4096K)
 Metaspace       used 47277K, committed 47936K, reserved 1114112K
  class space    used 6791K, committed 7104K, reserved 1048576K
}
Event: 29.594 GC heap after
{Heap after GC invocations=10 (full 0):
 garbage-first heap   total 58368K, used 25994K [0x0000000082800000, 0x0000000100000000)
  region size 1024K, 4 young (4096K), 4 survivors (4096K)
 Metaspace       used 47277K, committed 47936K, reserved 1114112K
  class space    used 6791K, committed 7104K, reserved 1048576K
}
Event: 38.835 GC heap before
{Heap before GC invocations=10 (full 0):
 garbage-first heap   total 58368K, used 48522K [0x0000000082800000, 0x0000000100000000)
  region size 1024K, 27 young (27648K), 4 survivors (4096K)
 Metaspace       used 54082K, committed 54784K, reserved 1114112K
  class space    used 7799K, committed 8128K, reserved 1048576K
}
Event: 38.839 GC heap after
{Heap after GC invocations=11 (full 0):
 garbage-first heap   total 58368K, used 26919K [0x0000000082800000, 0x0000000100000000)
  region size 1024K, 3 young (3072K), 3 survivors (3072K)
 Metaspace       used 54082K, committed 54784K, reserved 1114112K
  class space    used 7799K, committed 8128K, reserved 1048576K
}
Event: 42.049 GC heap before
{Heap before GC invocations=11 (full 0):
 garbage-first heap   total 58368K, used 49447K [0x0000000082800000, 0x0000000100000000)
  region size 1024K, 26 young (26624K), 3 survivors (3072K)
 Metaspace       used 59403K, committed 60096K, reserved 1114112K
  class space    used 8675K, committed 9024K, reserved 1048576K
}
Event: 42.054 GC heap after
{Heap after GC invocations=12 (full 0):
 garbage-first heap   total 58368K, used 27837K [0x0000000082800000, 0x0000000100000000)
  region size 1024K, 2 young (2048K), 2 survivors (2048K)
 Metaspace       used 59403K, committed 60096K, reserved 1114112K
  class space    used 8675K, committed 9024K, reserved 1048576K
}
Event: 42.055 GC heap before
{Heap before GC invocations=12 (full 0):
 garbage-first heap   total 58368K, used 27837K [0x0000000082800000, 0x0000000100000000)
  region size 1024K, 3 young (3072K), 2 survivors (2048K)
 Metaspace       used 59425K, committed 60096K, reserved 1114112K
  class space    used 8675K, committed 9024K, reserved 1048576K
}
Event: 42.058 GC heap after
{Heap after GC invocations=13 (full 0):
 garbage-first heap   total 58368K, used 27781K [0x0000000082800000, 0x0000000100000000)
  region size 1024K, 2 young (2048K), 2 survivors (2048K)
 Metaspace       used 59425K, committed 60096K, reserved 1114112K
  class space    used 8675K, committed 9024K, reserved 1048576K
}
Event: 50.175 GC heap before
{Heap before GC invocations=14 (full 0):
 garbage-first heap   total 58368K, used 51333K [0x0000000082800000, 0x0000000100000000)
  region size 1024K, 25 young (25600K), 2 survivors (2048K)
 Metaspace       used 63479K, committed 64000K, reserved 1114112K
  class space    used 9226K, committed 9472K, reserved 1048576K
}
Event: 50.180 GC heap after
{Heap after GC invocations=15 (full 0):
 garbage-first heap   total 58368K, used 30002K [0x0000000082800000, 0x0000000100000000)
  region size 1024K, 4 young (4096K), 4 survivors (4096K)
 Metaspace       used 63479K, committed 64000K, reserved 1114112K
  class space    used 9226K, committed 9472K, reserved 1048576K
}
Event: 53.539 GC heap before
{Heap before GC invocations=15 (full 0):
 garbage-first heap   total 58368K, used 49458K [0x0000000082800000, 0x0000000100000000)
  region size 1024K, 23 young (23552K), 4 survivors (4096K)
 Metaspace       used 68263K, committed 68928K, reserved 1114112K
  class space    used 9804K, committed 10112K, reserved 1048576K
}
Event: 53.546 GC heap after
{Heap after GC invocations=16 (full 0):
 garbage-first heap   total 58368K, used 32134K [0x0000000082800000, 0x0000000100000000)
  region size 1024K, 3 young (3072K), 3 survivors (3072K)
 Metaspace       used 68263K, committed 68928K, reserved 1114112K
  class space    used 9804K, committed 10112K, reserved 1048576K
}
Event: 55.355 GC heap before
{Heap before GC invocations=16 (full 0):
 garbage-first heap   total 58368K, used 50566K [0x0000000082800000, 0x0000000100000000)
  region size 1024K, 21 young (21504K), 3 survivors (3072K)
 Metaspace       used 71805K, committed 72448K, reserved 1114112K
  class space    used 10276K, committed 10560K, reserved 1048576K
}
Event: 55.360 GC heap after
{Heap after GC invocations=17 (full 0):
 garbage-first heap   total 58368K, used 33854K [0x0000000082800000, 0x0000000100000000)
  region size 1024K, 3 young (3072K), 3 survivors (3072K)
 Metaspace       used 71805K, committed 72448K, reserved 1114112K
  class space    used 10276K, committed 10560K, reserved 1048576K
}

