# JRE version: Java(TM) SE Runtime Environment (21.0.1+12) (build 21.0.1+12-LTS-29)
# Java VM: Java HotSpot(TM) 64-Bit Server VM (21.0.1+12-LTS-29, mixed mode, emulated-client, sharing, tiered, compressed oops, compressed class ptrs, g1 gc, windows-amd64)
GC Precious Log:
 CardTable entry size: 512
 Card Set container configuration: InlinePtr #cards 5 size 8 Array Of Cards #cards 12 size 40 Howl #buckets 4 coarsen threshold 1843 Howl Bitmap #cards 512 size 80 coarsen threshold 460 Card regions per heap region 1 cards per card region 2048
 CPUs: 8 total, 8 available
 Memory: 8029M
 Large Page Support: Disabled
 NUMA Support: Disabled
 Compressed Oops: Enabled (32-bit)
 Heap Region Size: 1M
 Heap Min Capacity: 8M
 Heap Initial Capacity: 126M
 Heap Max Capacity: 2008M
 Pre-touch: Disabled
 Parallel Workers: 8
 Concurrent Workers: 2
 Concurrent Refinement Workers: 8
 Periodic GC: Disabled
Heap:
 garbage-first heap   total 136192K, used 70656K [0x0000000082800000, 0x0000000100000000)
  region size 1024K, 5 young (5120K), 5 survivors (5120K)
 Metaspace       used 81162K, committed 81984K, reserved 1179648K
  class space    used 12013K, committed 12352K, reserved 1048576K
GC Heap History (20 events):
Event: 21.287 GC heap after
{Heap after GC invocations=21 (full 0):
 garbage-first heap   total 70656K, used 37778K [0x0000000082800000, 0x0000000100000000)
  region size 1024K, 3 young (3072K), 3 survivors (3072K)
 Metaspace       used 77113K, committed 77952K, reserved 1179648K
  class space    used 11489K, committed 11904K, reserved 1048576K
}
Event: 21.392 GC heap before
{Heap before GC invocations=21 (full 0):
 garbage-first heap   total 70656K, used 63378K [0x0000000082800000, 0x0000000100000000)
  region size 1024K, 28 young (28672K), 3 survivors (3072K)
 Metaspace       used 77113K, committed 77952K, reserved 1179648K
  class space    used 11489K, committed 11904K, reserved 1048576K
}
Event: 21.397 GC heap after
{Heap after GC invocations=22 (full 0):
 garbage-first heap   total 70656K, used 38262K [0x0000000082800000, 0x0000000100000000)
  region size 1024K, 2 young (2048K), 2 survivors (2048K)
 Metaspace       used 77113K, committed 77952K, reserved 1179648K
  class space    used 11489K, committed 11904K, reserved 1048576K
}
Event: 21.494 GC heap before
{Heap before GC invocations=22 (full 0):
 garbage-first heap   total 70656K, used 63862K [0x0000000082800000, 0x0000000100000000)
  region size 1024K, 27 young (27648K), 2 survivors (2048K)
 Metaspace       used 77113K, committed 77952K, reserved 1179648K
  class space    used 11489K, committed 11904K, reserved 1048576K
}
Event: 21.506 GC heap after
{Heap after GC invocations=23 (full 0):
 garbage-first heap   total 86016K, used 44018K [0x0000000082800000, 0x0000000100000000)
  region size 1024K, 4 young (4096K), 4 survivors (4096K)
 Metaspace       used 77113K, committed 77952K, reserved 1179648K
  class space    used 11489K, committed 11904K, reserved 1048576K
}
Event: 21.690 GC heap before
{Heap before GC invocations=24 (full 0):
 garbage-first heap   total 91136K, used 74738K [0x0000000082800000, 0x0000000100000000)
  region size 1024K, 34 young (34816K), 4 survivors (4096K)
 Metaspace       used 77182K, committed 78016K, reserved 1179648K
  class space    used 11508K, committed 11904K, reserved 1048576K
}
Event: 21.697 GC heap after
{Heap after GC invocations=25 (full 0):
 garbage-first heap   total 91136K, used 45331K [0x0000000082800000, 0x0000000100000000)
  region size 1024K, 1 young (1024K), 1 survivors (1024K)
 Metaspace       used 77182K, committed 78016K, reserved 1179648K
  class space    used 11508K, committed 11904K, reserved 1048576K
}
Event: 22.183 GC heap before
{Heap before GC invocations=25 (full 0):
 garbage-first heap   total 91136K, used 80147K [0x0000000082800000, 0x0000000100000000)
  region size 1024K, 35 young (35840K), 1 survivors (1024K)
 Metaspace       used 77287K, committed 78080K, reserved 1179648K
  class space    used 11520K, committed 11904K, reserved 1048576K
}
Event: 22.193 GC heap after
{Heap after GC invocations=26 (full 0):
 garbage-first heap   total 91136K, used 49569K [0x0000000082800000, 0x0000000100000000)
  region size 1024K, 5 young (5120K), 5 survivors (5120K)
 Metaspace       used 77287K, committed 78080K, reserved 1179648K
  class space    used 11520K, committed 11904K, reserved 1048576K
}
Event: 22.312 GC heap before
{Heap before GC invocations=26 (full 0):
 garbage-first heap   total 91136K, used 79265K [0x0000000082800000, 0x0000000100000000)
  region size 1024K, 34 young (34816K), 5 survivors (5120K)
 Metaspace       used 77289K, committed 78080K, reserved 1179648K
  class space    used 11521K, committed 11904K, reserved 1048576K
}
Event: 22.315 GC heap after
{Heap after GC invocations=27 (full 0):
 garbage-first heap   total 91136K, used 48454K [0x0000000082800000, 0x0000000100000000)
  region size 1024K, 3 young (3072K), 3 survivors (3072K)
 Metaspace       used 77289K, committed 78080K, reserved 1179648K
  class space    used 11521K, committed 11904K, reserved 1048576K
}
Event: 32.870 GC heap before
{Heap before GC invocations=28 (full 0):
 garbage-first heap   total 91136K, used 78150K [0x0000000082800000, 0x0000000100000000)
  region size 1024K, 34 young (34816K), 3 survivors (3072K)
 Metaspace       used 81114K, committed 81920K, reserved 1179648K
  class space    used 12008K, committed 12352K, reserved 1048576K
}
Event: 32.873 GC heap after
{Heap after GC invocations=29 (full 0):
 garbage-first heap   total 91136K, used 45912K [0x0000000082800000, 0x0000000100000000)
  region size 1024K, 2 young (2048K), 2 survivors (2048K)
 Metaspace       used 81114K, committed 81920K, reserved 1179648K
  class space    used 12008K, committed 12352K, reserved 1048576K
}
Event: 32.958 GC heap before
{Heap before GC invocations=29 (full 0):
 garbage-first heap   total 91136K, used 80728K [0x0000000082800000, 0x0000000100000000)
  region size 1024K, 36 young (36864K), 2 survivors (2048K)
 Metaspace       used 81162K, committed 81984K, reserved 1179648K
  class space    used 12013K, committed 12352K, reserved 1048576K
}
Event: 32.962 GC heap after
{Heap after GC invocations=30 (full 0):
 garbage-first heap   total 91136K, used 46168K [0x0000000082800000, 0x0000000100000000)
  region size 1024K, 5 young (5120K), 5 survivors (5120K)
 Metaspace       used 81162K, committed 81984K, reserved 1179648K
  class space    used 12013K, committed 12352K, reserved 1048576K
}
Event: 33.069 GC heap before
{Heap before GC invocations=30 (full 0):
 garbage-first heap   total 91136K, used 79960K [0x0000000082800000, 0x0000000100000000)
  region size 1024K, 38 young (38912K), 5 survivors (5120K)
 Metaspace       used 81162K, committed 81984K, reserved 1179648K
  class space    used 12013K, committed 12352K, reserved 1048576K
}
Event: 33.082 GC heap after
{Heap after GC invocations=31 (full 0):
 garbage-first heap   total 97280K, used 58015K [0x0000000082800000, 0x0000000100000000)
  region size 1024K, 5 young (5120K), 5 survivors (5120K)
 Metaspace       used 81162K, committed 81984K, reserved 1179648K
  class space    used 12013K, committed 12352K, reserved 1048576K
}
Event: 33.181 GC heap before
{Heap before GC invocations=32 (full 0):
 garbage-first heap   total 116736K, used 83615K [0x0000000082800000, 0x0000000100000000)
  region size 1024K, 29 young (29696K), 5 survivors (5120K)
 Metaspace       used 81162K, committed 81984K, reserved 1179648K
  class space    used 12013K, committed 12352K, reserved 1048576K
}
Event: 33.190 GC heap after
{Heap after GC invocations=33 (full 0):
 garbage-first heap   total 116736K, used 65128K [0x0000000082800000, 0x0000000100000000)
  region size 1024K, 4 young (4096K), 4 survivors (4096K)
 Metaspace       used 81162K, committed 81984K, reserved 1179648K
  class space    used 12013K, committed 12352K, reserved 1048576K
}
Event: 33.256 GC heap before
{Heap before GC invocations=33 (full 0):
 garbage-first heap   total 116736K, used 95848K [0x0000000082800000, 0x0000000100000000)
  region size 1024K, 34 young (34816K), 4 survivors (4096K)
 Metaspace       used 81162K, committed 81984K, reserved 1179648K
  class space    used 12013K, committed 12352K, reserved 1048576K
}

